This file contains any messages produced by compilers while
running configure, to aid debugging if configure makes a mistake.

It was created by configure, which was
generated by GNU Autoconf 2.59.  Invocation command line was

  $ ./configure --prefix=/Users/corbett/Documents/Projects/Work/Viz/Dependencies/tipsy-2.2.3c

## --------- ##
## Platform. ##
## --------- ##

hostname = corbett-3.local
uname -m = i386
uname -r = 10.0.0
uname -s = Darwin
uname -v = Darwin Kernel Version 10.0.0: Fri Jul 31 22:47:34 PDT 2009; root:xnu-1456.1.25~1/RELEASE_I386

/usr/bin/uname -p = i386
/bin/uname -X     = unknown

/bin/arch              = unknown
/usr/bin/arch -k       = unknown
/usr/convex/getsysinfo = unknown
hostinfo               = Mach kernel version:
	 Darwin Kernel Version 10.0.0: Fri Jul 31 22:47:34 PDT 2009; root:xnu-1456.1.25~1/RELEASE_I386
Kernel configured for up to 2 processors.
2 processors are physically available.
2 processors are logically available.
Processor type: i486 (Intel 80486)
Processors active: 0 1
Primary memory available: 1.00 gigabytes
Default processor set: 54 tasks, 215 threads, 2 processors
Load average: 0.80, Mach factor: 1.43
/bin/machine           = unknown
/usr/bin/oslevel       = unknown
/bin/universe          = unknown

PATH: /Library/Frameworks/Python.framework/Versions/Current/bin
PATH: /Users/corbett/Documents/Projects/Work/Viz/ParaView/ParaView-3.7/ParaView-3.7_build/bin/paraview.app/Contents/MacOS/
PATH: /Applications/sage/local/bin/
PATH: /Developer/usr/bin/
PATH: /Applications/ImageMagick-6.5.3/bin
PATH: /usr/local/cuda/bin/
PATH: /usr/local/bin/
PATH: /Library/Frameworks/Python.framework/Versions/Current/bin
PATH: /Users/corbett/Documents/Projects/Work/Viz/ParaView/ParaView-3.7/ParaView-3.7_build/bin/paraview.app/Contents/MacOS/
PATH: /Applications/sage/local/bin/
PATH: /Developer/usr/bin/
PATH: /Applications/ImageMagick-6.5.3/bin
PATH: /usr/local/cuda/bin/
PATH: /usr/local/bin/
PATH: /bin
PATH: /sbin
PATH: /usr/bin
PATH: /usr/local/bin
PATH: /usr/sbin
PATH: /usr/local/teTeX/bin/i386-apple-darwin-current
PATH: /opt/local/bin
PATH: /opt/local/sbin
PATH: /usr/local/sbin
PATH: /bin
PATH: /sbin
PATH: /usr/bin
PATH: /usr/sbin
PATH: /Users/corbett/Documents/programs/srilm/bin/macosx
PATH: /Users/corbett/Documents/programs/srilm/bin
PATH: /Users/corbett/Documents/Projects/Work/Viz/ParaView/ParaView-3.7/ParaView-3.7_build/bin/
PATH: /opt/local/bin
PATH: /opt/local/sbin
PATH: /usr/local/sbin
PATH: /bin
PATH: /sbin
PATH: /usr/bin
PATH: /usr/sbin
PATH: /Users/corbett/Documents/programs/srilm/bin/macosx
PATH: /Users/corbett/Documents/programs/srilm/bin
PATH: /Users/corbett/Documents/Projects/Work/Viz/ParaView/ParaView-3.7/ParaView-3.7_build/bin/


## ----------- ##
## Core tests. ##
## ----------- ##

configure:1356: checking for gcc
configure:1372: found /Developer/usr/bin//gcc
configure:1382: result: gcc
configure:1626: checking for C compiler version
configure:1629: gcc --version </dev/null >&5
i686-apple-darwin10-gcc-4.2.1 (GCC) 4.2.1 (Apple Inc. build 5646)
Copyright (C) 2007 Free Software Foundation, Inc.
This is free software; see the source for copying conditions.  There is NO
warranty; not even for MERCHANTABILITY or FITNESS FOR A PARTICULAR PURPOSE.

configure:1632: $? = 0
configure:1634: gcc -v </dev/null >&5
Using built-in specs.
Target: i686-apple-darwin10
Configured with: /var/tmp/gcc/gcc-5646~6/src/configure --disable-checking --enable-werror --prefix=/usr --mandir=/usr/share/man --enable-languages=c,objc,c++,obj-c++ --program-transform-name=/^[cg][^.-]*$/s/$/-4.2/ --with-slibdir=/usr/lib --build=i686-apple-darwin10 --with-gxx-include-dir=/usr/include/c++/4.2.1 --host=i686-apple-darwin10 --target=i686-apple-darwin10
Thread model: posix
gcc version 4.2.1 (Apple Inc. build 5646)
configure:1637: $? = 0
configure:1639: gcc -V </dev/null >&5
gcc-4.2: argument to `-V' is missing
configure:1642: $? = 1
configure:1665: checking for C compiler default output file name
configure:1668: gcc    conftest.c  >&5
configure:1671: $? = 0
configure:1717: result: a.out
configure:1722: checking whether the C compiler works
configure:1728: ./a.out
configure:1731: $? = 0
configure:1748: result: yes
configure:1755: checking whether we are cross compiling
configure:1757: result: no
configure:1760: checking for suffix of executables
configure:1762: gcc -o conftest    conftest.c  >&5
configure:1765: $? = 0
configure:1790: result: 
configure:1796: checking for suffix of object files
configure:1817: gcc -c   conftest.c >&5
configure:1820: $? = 0
configure:1842: result: o
configure:1846: checking whether we are using the GNU C compiler
configure:1870: gcc -c   conftest.c >&5
configure:1876: $? = 0
configure:1880: test -z 
			 || test ! -s conftest.err
configure:1883: $? = 0
configure:1886: test -s conftest.o
configure:1889: $? = 0
configure:1902: result: yes
configure:1908: checking whether gcc accepts -g
configure:1929: gcc -c -g  conftest.c >&5
configure:1935: $? = 0
configure:1939: test -z 
			 || test ! -s conftest.err
configure:1942: $? = 0
configure:1945: test -s conftest.o
configure:1948: $? = 0
configure:1959: result: yes
configure:1976: checking for gcc option to accept ANSI C
configure:2046: gcc  -c -g -O2  conftest.c >&5
configure:2052: $? = 0
configure:2056: test -z 
			 || test ! -s conftest.err
configure:2059: $? = 0
configure:2062: test -s conftest.o
configure:2065: $? = 0
configure:2083: result: none needed
configure:2101: gcc -c -g -O2  conftest.c >&5
conftest.c:2: error: expected '=', ',', ';', 'asm' or '__attribute__' before 'me'
configure:2107: $? = 1
configure: failed program was:
| #ifndef __cplusplus
|   choke me
| #endif
configure:2242: checking for library containing strerror
configure:2272: gcc -o conftest -g -O2   conftest.c  >&5
configure:2278: $? = 0
configure:2282: test -z 
			 || test ! -s conftest.err
configure:2285: $? = 0
configure:2288: test -s conftest
configure:2291: $? = 0
configure:2361: result: none required
configure:2406: checking for a BSD-compatible install
configure:2461: result: /usr/bin/install -c
configure:2513: checking for ranlib
configure:2529: found /Developer/usr/bin//ranlib
configure:2540: result: ranlib
configure:2557: checking how to run the C preprocessor
configure:2592: gcc -E  conftest.c
configure:2598: $? = 0
configure:2630: gcc -E  conftest.c
conftest.c:9:28: error: ac_nonexistent.h: No such file or directory
configure:2636: $? = 1
configure: failed program was:
| /* confdefs.h.  */
| 
| #define PACKAGE_NAME ""
| #define PACKAGE_TARNAME ""
| #define PACKAGE_VERSION ""
| #define PACKAGE_STRING ""
| #define PACKAGE_BUGREPORT ""
| /* end confdefs.h.  */
| #include <ac_nonexistent.h>
configure:2675: result: gcc -E
configure:2699: gcc -E  conftest.c
configure:2705: $? = 0
configure:2737: gcc -E  conftest.c
conftest.c:9:28: error: ac_nonexistent.h: No such file or directory
configure:2743: $? = 1
configure: failed program was:
| /* confdefs.h.  */
| 
| #define PACKAGE_NAME ""
| #define PACKAGE_TARNAME ""
| #define PACKAGE_VERSION ""
| #define PACKAGE_STRING ""
| #define PACKAGE_BUGREPORT ""
| /* end confdefs.h.  */
| #include <ac_nonexistent.h>
configure:2787: checking for egrep
configure:2797: result: grep -E
configure:2802: checking for ANSI C header files
configure:2827: gcc -c -g -O2  conftest.c >&5
configure:2833: $? = 0
configure:2837: test -z 
			 || test ! -s conftest.err
configure:2840: $? = 0
configure:2843: test -s conftest.o
configure:2846: $? = 0
configure:2935: gcc -o conftest -g -O2   conftest.c  >&5
conftest.c: In function 'main':
conftest.c:26: warning: incompatible implicit declaration of built-in function 'exit'
configure:2938: $? = 0
configure:2940: ./conftest
configure:2943: $? = 0
configure:2958: result: yes
configure:2982: checking for sys/types.h
configure:2998: gcc -c -g -O2  conftest.c >&5
configure:3004: $? = 0
configure:3008: test -z 
			 || test ! -s conftest.err
configure:3011: $? = 0
configure:3014: test -s conftest.o
configure:3017: $? = 0
configure:3028: result: yes
configure:2982: checking for sys/stat.h
configure:2998: gcc -c -g -O2  conftest.c >&5
configure:3004: $? = 0
configure:3008: test -z 
			 || test ! -s conftest.err
configure:3011: $? = 0
configure:3014: test -s conftest.o
configure:3017: $? = 0
configure:3028: result: yes
configure:2982: checking for stdlib.h
configure:2998: gcc -c -g -O2  conftest.c >&5
configure:3004: $? = 0
configure:3008: test -z 
			 || test ! -s conftest.err
configure:3011: $? = 0
configure:3014: test -s conftest.o
configure:3017: $? = 0
configure:3028: result: yes
configure:2982: checking for string.h
configure:2998: gcc -c -g -O2  conftest.c >&5
configure:3004: $? = 0
configure:3008: test -z 
			 || test ! -s conftest.err
configure:3011: $? = 0
configure:3014: test -s conftest.o
configure:3017: $? = 0
configure:3028: result: yes
configure:2982: checking for memory.h
configure:2998: gcc -c -g -O2  conftest.c >&5
configure:3004: $? = 0
configure:3008: test -z 
			 || test ! -s conftest.err
configure:3011: $? = 0
configure:3014: test -s conftest.o
configure:3017: $? = 0
configure:3028: result: yes
configure:2982: checking for strings.h
configure:2998: gcc -c -g -O2  conftest.c >&5
configure:3004: $? = 0
configure:3008: test -z 
			 || test ! -s conftest.err
configure:3011: $? = 0
configure:3014: test -s conftest.o
configure:3017: $? = 0
configure:3028: result: yes
configure:2982: checking for inttypes.h
configure:2998: gcc -c -g -O2  conftest.c >&5
configure:3004: $? = 0
configure:3008: test -z 
			 || test ! -s conftest.err
configure:3011: $? = 0
configure:3014: test -s conftest.o
configure:3017: $? = 0
configure:3028: result: yes
configure:2982: checking for stdint.h
configure:2998: gcc -c -g -O2  conftest.c >&5
configure:3004: $? = 0
configure:3008: test -z 
			 || test ! -s conftest.err
configure:3011: $? = 0
configure:3014: test -s conftest.o
configure:3017: $? = 0
configure:3028: result: yes
configure:2982: checking for unistd.h
configure:2998: gcc -c -g -O2  conftest.c >&5
configure:3004: $? = 0
configure:3008: test -z 
			 || test ! -s conftest.err
configure:3011: $? = 0
configure:3014: test -s conftest.o
configure:3017: $? = 0
configure:3028: result: yes
configure:3045: checking for string.h
configure:3050: result: yes
configure:3190: checking for X
configure:3295: gcc -E  conftest.c
configure:3301: $? = 0
configure:3351: gcc -o conftest -g -O2   conftest.c -lXt  >&5
ld: library not found for -lXt
collect2: ld returned 1 exit status
configure:3357: $? = 1
configure: failed program was:
| /* confdefs.h.  */
| 
| #define PACKAGE_NAME ""
| #define PACKAGE_TARNAME ""
| #define PACKAGE_VERSION ""
| #define PACKAGE_STRING ""
| #define PACKAGE_BUGREPORT ""
| #define STDC_HEADERS 1
| #define HAVE_SYS_TYPES_H 1
| #define HAVE_SYS_STAT_H 1
| #define HAVE_STDLIB_H 1
| #define HAVE_STRING_H 1
| #define HAVE_MEMORY_H 1
| #define HAVE_STRINGS_H 1
| #define HAVE_INTTYPES_H 1
| #define HAVE_STDINT_H 1
| #define HAVE_UNISTD_H 1
| #define HAVE_STRING_H 1
| /* end confdefs.h.  */
| #include <X11/Intrinsic.h>
| int
| main ()
| {
| XtMalloc (0)
|   ;
|   return 0;
| }
configure:3410: result: no
configure:4611: checking for getmntent in -lsun
configure:4641: gcc -o conftest -g -O2   conftest.c -lsun   >&5
ld: library not found for -lsun
collect2: ld returned 1 exit status
configure:4647: $? = 1
configure: failed program was:
| /* confdefs.h.  */
| 
| #define PACKAGE_NAME ""
| #define PACKAGE_TARNAME ""
| #define PACKAGE_VERSION ""
| #define PACKAGE_STRING ""
| #define PACKAGE_BUGREPORT ""
| #define STDC_HEADERS 1
| #define HAVE_SYS_TYPES_H 1
| #define HAVE_SYS_STAT_H 1
| #define HAVE_STDLIB_H 1
| #define HAVE_STRING_H 1
| #define HAVE_MEMORY_H 1
| #define HAVE_STRINGS_H 1
| #define HAVE_INTTYPES_H 1
| #define HAVE_STDINT_H 1
| #define HAVE_UNISTD_H 1
| #define HAVE_STRING_H 1
| #define X_DISPLAY_MISSING 1
| /* end confdefs.h.  */
| 
| /* Override any gcc2 internal prototype to avoid an error.  */
| #ifdef __cplusplus
| extern "C"
| #endif
| /* We use char because int might match the return type of a gcc2
|    builtin and then its argument prototype would still apply.  */
| char getmntent ();
| int
| main ()
| {
| getmntent ();
|   ;
|   return 0;
| }
configure:4673: result: no
configure:4678: checking for getmntent in -lseq
configure:4708: gcc -o conftest -g -O2   conftest.c -lseq   >&5
ld: library not found for -lseq
collect2: ld returned 1 exit status
configure:4714: $? = 1
configure: failed program was:
| /* confdefs.h.  */
| 
| #define PACKAGE_NAME ""
| #define PACKAGE_TARNAME ""
| #define PACKAGE_VERSION ""
| #define PACKAGE_STRING ""
| #define PACKAGE_BUGREPORT ""
| #define STDC_HEADERS 1
| #define HAVE_SYS_TYPES_H 1
| #define HAVE_SYS_STAT_H 1
| #define HAVE_STDLIB_H 1
| #define HAVE_STRING_H 1
| #define HAVE_MEMORY_H 1
| #define HAVE_STRINGS_H 1
| #define HAVE_INTTYPES_H 1
| #define HAVE_STDINT_H 1
| #define HAVE_UNISTD_H 1
| #define HAVE_STRING_H 1
| #define X_DISPLAY_MISSING 1
| /* end confdefs.h.  */
| 
| /* Override any gcc2 internal prototype to avoid an error.  */
| #ifdef __cplusplus
| extern "C"
| #endif
| /* We use char because int might match the return type of a gcc2
|    builtin and then its argument prototype would still apply.  */
| char getmntent ();
| int
| main ()
| {
| getmntent ();
|   ;
|   return 0;
| }
configure:4740: result: no
configure:4745: checking for getmntent in -lgen
configure:4775: gcc -o conftest -g -O2   conftest.c -lgen   >&5
ld: library not found for -lgen
collect2: ld returned 1 exit status
configure:4781: $? = 1
configure: failed program was:
| /* confdefs.h.  */
| 
| #define PACKAGE_NAME ""
| #define PACKAGE_TARNAME ""
| #define PACKAGE_VERSION ""
| #define PACKAGE_STRING ""
| #define PACKAGE_BUGREPORT ""
| #define STDC_HEADERS 1
| #define HAVE_SYS_TYPES_H 1
| #define HAVE_SYS_STAT_H 1
| #define HAVE_STDLIB_H 1
| #define HAVE_STRING_H 1
| #define HAVE_MEMORY_H 1
| #define HAVE_STRINGS_H 1
| #define HAVE_INTTYPES_H 1
| #define HAVE_STDINT_H 1
| #define HAVE_UNISTD_H 1
| #define HAVE_STRING_H 1
| #define X_DISPLAY_MISSING 1
| /* end confdefs.h.  */
| 
| /* Override any gcc2 internal prototype to avoid an error.  */
| #ifdef __cplusplus
| extern "C"
| #endif
| /* We use char because int might match the return type of a gcc2
|    builtin and then its argument prototype would still apply.  */
| char getmntent ();
| int
| main ()
| {
| getmntent ();
|   ;
|   return 0;
| }
configure:4807: result: no
configure:4821: checking for getmntent
configure:4878: gcc -o conftest -g -O2   conftest.c  >&5
Undefined symbols:
  "_getmntent", referenced from:
      _f in ccJkKTyd.o
      _getmntent$non_lazy_ptr in ccJkKTyd.o
ld: symbol(s) not found
collect2: ld returned 1 exit status
configure:4884: $? = 1
configure: failed program was:
| /* confdefs.h.  */
| 
| #define PACKAGE_NAME ""
| #define PACKAGE_TARNAME ""
| #define PACKAGE_VERSION ""
| #define PACKAGE_STRING ""
| #define PACKAGE_BUGREPORT ""
| #define STDC_HEADERS 1
| #define HAVE_SYS_TYPES_H 1
| #define HAVE_SYS_STAT_H 1
| #define HAVE_STDLIB_H 1
| #define HAVE_STRING_H 1
| #define HAVE_MEMORY_H 1
| #define HAVE_STRINGS_H 1
| #define HAVE_INTTYPES_H 1
| #define HAVE_STDINT_H 1
| #define HAVE_UNISTD_H 1
| #define HAVE_STRING_H 1
| #define X_DISPLAY_MISSING 1
| /* end confdefs.h.  */
| /* Define getmntent to an innocuous variant, in case <limits.h> declares getmntent.
|    For example, HP-UX 11i <limits.h> declares gettimeofday.  */
| #define getmntent innocuous_getmntent
| 
| /* System header to define __stub macros and hopefully few prototypes,
|     which can conflict with char getmntent (); below.
|     Prefer <limits.h> to <assert.h> if __STDC__ is defined, since
|     <limits.h> exists even on freestanding compilers.  */
| 
| #ifdef __STDC__
| # include <limits.h>
| #else
| # include <assert.h>
| #endif
| 
| #undef getmntent
| 
| /* Override any gcc2 internal prototype to avoid an error.  */
| #ifdef __cplusplus
| extern "C"
| {
| #endif
| /* We use char because int might match the return type of a gcc2
|    builtin and then its argument prototype would still apply.  */
| char getmntent ();
| /* The GNU C library defines this for functions which it implements
|     to always fail with ENOSYS.  Some functions are actually named
|     something starting with __ and the normal name is an alias.  */
| #if defined (__stub_getmntent) || defined (__stub___getmntent)
| choke me
| #else
| char (*f) () = getmntent;
| #endif
| #ifdef __cplusplus
| }
| #endif
| 
| int
| main ()
| {
| return f != getmntent;
|   ;
|   return 0;
| }
configure:4909: result: no
configure:4921: checking for getpwnam in -lsun
configure:4951: gcc -o conftest -g -O2   conftest.c -lsun   >&5
ld: library not found for -lsun
collect2: ld returned 1 exit status
configure:4957: $? = 1
configure: failed program was:
| /* confdefs.h.  */
| 
| #define PACKAGE_NAME ""
| #define PACKAGE_TARNAME ""
| #define PACKAGE_VERSION ""
| #define PACKAGE_STRING ""
| #define PACKAGE_BUGREPORT ""
| #define STDC_HEADERS 1
| #define HAVE_SYS_TYPES_H 1
| #define HAVE_SYS_STAT_H 1
| #define HAVE_STDLIB_H 1
| #define HAVE_STRING_H 1
| #define HAVE_MEMORY_H 1
| #define HAVE_STRINGS_H 1
| #define HAVE_INTTYPES_H 1
| #define HAVE_STDINT_H 1
| #define HAVE_UNISTD_H 1
| #define HAVE_STRING_H 1
| #define X_DISPLAY_MISSING 1
| /* end confdefs.h.  */
| 
| /* Override any gcc2 internal prototype to avoid an error.  */
| #ifdef __cplusplus
| extern "C"
| #endif
| /* We use char because int might match the return type of a gcc2
|    builtin and then its argument prototype would still apply.  */
| char getpwnam ();
| int
| main ()
| {
| getpwnam ();
|   ;
|   return 0;
| }
configure:4983: result: no
configure:4995: checking for main in -lcurses
configure:5019: gcc -o conftest -g -O2   conftest.c -lcurses   >&5
configure:5025: $? = 0
configure:5029: test -z 
			 || test ! -s conftest.err
configure:5032: $? = 0
configure:5035: test -s conftest
configure:5038: $? = 0
configure:5051: result: yes
configure:5058: checking for main in -ltermlib
configure:5082: gcc -o conftest -g -O2   conftest.c -ltermlib   -lcurses >&5
ld: library not found for -ltermlib
collect2: ld returned 1 exit status
configure:5088: $? = 1
configure: failed program was:
| /* confdefs.h.  */
| 
| #define PACKAGE_NAME ""
| #define PACKAGE_TARNAME ""
| #define PACKAGE_VERSION ""
| #define PACKAGE_STRING ""
| #define PACKAGE_BUGREPORT ""
| #define STDC_HEADERS 1
| #define HAVE_SYS_TYPES_H 1
| #define HAVE_SYS_STAT_H 1
| #define HAVE_STDLIB_H 1
| #define HAVE_STRING_H 1
| #define HAVE_MEMORY_H 1
| #define HAVE_STRINGS_H 1
| #define HAVE_INTTYPES_H 1
| #define HAVE_STDINT_H 1
| #define HAVE_UNISTD_H 1
| #define HAVE_STRING_H 1
| #define X_DISPLAY_MISSING 1
| /* end confdefs.h.  */
| 
| 
| int
| main ()
| {
| main ();
|   ;
|   return 0;
| }
configure:5114: result: no
configure:5121: checking for main in -ltermcap
configure:5145: gcc -o conftest -g -O2   conftest.c -ltermcap   -lcurses >&5
configure:5151: $? = 0
configure:5155: test -z 
			 || test ! -s conftest.err
configure:5158: $? = 0
configure:5161: test -s conftest
configure:5164: $? = 0
configure:5177: result: yes
configure:5185: checking for library containing xdr_double
configure:5215: gcc -o conftest -g -O2   conftest.c  -lcurses -ltermcap >&5
configure:5221: $? = 0
configure:5225: test -z 
			 || test ! -s conftest.err
configure:5228: $? = 0
configure:5231: test -s conftest
configure:5234: $? = 0
configure:5304: result: none required
configure:5314: checking for working alloca.h
configure:5335: gcc -o conftest -g -O2   conftest.c  -lcurses -ltermcap >&5
configure:5341: $? = 0
configure:5345: test -z 
			 || test ! -s conftest.err
configure:5348: $? = 0
configure:5351: test -s conftest
configure:5354: $? = 0
configure:5366: result: yes
configure:5376: checking for alloca
configure:5417: gcc -o conftest -g -O2   conftest.c  -lcurses -ltermcap >&5
configure:5423: $? = 0
configure:5427: test -z 
			 || test ! -s conftest.err
configure:5430: $? = 0
configure:5433: test -s conftest
configure:5436: $? = 0
configure:5448: result: yes
configure:5800: creating ./config.status

## ---------------------- ##
## Running config.status. ##
## ---------------------- ##

This file was extended by config.status, which was
generated by GNU Autoconf 2.59.  Invocation command line was

  CONFIG_FILES    = 
  CONFIG_HEADERS  = 
  CONFIG_LINKS    = 
  CONFIG_COMMANDS = 
  $ ./config.status 

on corbett-3.local

config.status:649: creating Makefile

## ---------------- ##
## Cache variables. ##
## ---------------- ##

ac_cv_c_compiler_gnu=yes
ac_cv_env_CC_set=
ac_cv_env_CC_value=
ac_cv_env_CFLAGS_set=
ac_cv_env_CFLAGS_value=
ac_cv_env_CPPFLAGS_set=
ac_cv_env_CPPFLAGS_value=
ac_cv_env_CPP_set=
ac_cv_env_CPP_value=
ac_cv_env_LDFLAGS_set=
ac_cv_env_LDFLAGS_value=
ac_cv_env_build_alias_set=
ac_cv_env_build_alias_value=
ac_cv_env_host_alias_set=
ac_cv_env_host_alias_value=
ac_cv_env_target_alias_set=
ac_cv_env_target_alias_value=
ac_cv_exeext=
ac_cv_func_alloca_works=yes
ac_cv_func_getmntent=no
ac_cv_have_x=have_x=no
ac_cv_header_inttypes_h=yes
ac_cv_header_memory_h=yes
ac_cv_header_stdc=yes
ac_cv_header_stdint_h=yes
ac_cv_header_stdlib_h=yes
ac_cv_header_string_h=yes
ac_cv_header_strings_h=yes
ac_cv_header_sys_stat_h=yes
ac_cv_header_sys_types_h=yes
ac_cv_header_unistd_h=yes
ac_cv_lib_curses=ac_cv_lib_curses_main
ac_cv_lib_curses_main=yes
ac_cv_lib_gen_getmntent=no
ac_cv_lib_seq_getmntent=no
ac_cv_lib_sun_getmntent=no
ac_cv_lib_sun_getpwnam=no
ac_cv_lib_termcap=ac_cv_lib_termcap_main
ac_cv_lib_termcap_main=yes
ac_cv_lib_termlib=ac_cv_lib_termlib_main
ac_cv_lib_termlib_main=no
ac_cv_objext=o
ac_cv_path_install='/usr/bin/install -c'
ac_cv_prog_CPP='gcc -E'
ac_cv_prog_ac_ct_CC=gcc
ac_cv_prog_ac_ct_RANLIB=ranlib
ac_cv_prog_cc_g=yes
ac_cv_prog_cc_stdc=
ac_cv_prog_egrep='grep -E'
ac_cv_search_strerror='none required'
ac_cv_search_xdr_double='none required'
ac_cv_working_alloca_h=yes

## ----------------- ##
## Output variables. ##
## ----------------- ##

ALLOCA=''
CC='gcc'
CFLAGS='-g -O2'
CPP='gcc -E'
CPPFLAGS=''
DEFS='-DPACKAGE_NAME=\"\" -DPACKAGE_TARNAME=\"\" -DPACKAGE_VERSION=\"\" -DPACKAGE_STRING=\"\" -DPACKAGE_BUGREPORT=\"\" -DSTDC_HEADERS=1 -DHAVE_SYS_TYPES_H=1 -DHAVE_SYS_STAT_H=1 -DHAVE_STDLIB_H=1 -DHAVE_STRING_H=1 -DHAVE_MEMORY_H=1 -DHAVE_STRINGS_H=1 -DHAVE_INTTYPES_H=1 -DHAVE_STDINT_H=1 -DHAVE_UNISTD_H=1 -DHAVE_STRING_H=1 -DX_DISPLAY_MISSING=1 -DHAVE_ALLOCA_H=1 -DHAVE_ALLOCA=1 '
ECHO_C=''
ECHO_N='-n'
ECHO_T=''
EGREP='grep -E'
EXEEXT=''
INSTALL_DATA='${INSTALL} -m 644'
INSTALL_PROGRAM='${INSTALL}'
INSTALL_SCRIPT='${INSTALL}'
LDFLAGS=''
LIBOBJS=''
LIBS=' -lcurses -ltermcap'
LTLIBOBJS=''
OBJEXT='o'
PACKAGE_BUGREPORT=''
PACKAGE_NAME=''
PACKAGE_STRING=''
PACKAGE_TARNAME=''
PACKAGE_VERSION=''
PATH_SEPARATOR=':'
RANLIB='ranlib'
SHELL='/bin/sh'
X_CFLAGS=''
X_EXTRA_LIBS=''
X_LDFLAGS=''
X_LIBS=''
X_PRE_LIBS=''
ac_ct_CC='gcc'
ac_ct_RANLIB='ranlib'
bindir='${exec_prefix}/bin'
build_alias=''
datadir='${prefix}/share'
exec_prefix='${prefix}'
host_alias=''
includedir='${prefix}/include'
infodir='${prefix}/info'
libdir='${exec_prefix}/lib'
libexecdir='${exec_prefix}/libexec'
localstatedir='${prefix}/var'
mandir='${prefix}/man'
oldincludedir='/usr/include'
prefix='/Users/corbett/Documents/Projects/Work/Viz/Dependencies/tipsy-2.2.3c'
program_transform_name='s,x,x,'
sbindir='${exec_prefix}/sbin'
sharedstatedir='${prefix}/com'
sysconfdir='${prefix}/etc'
target_alias=''

## ----------- ##
## confdefs.h. ##
## ----------- ##

#define HAVE_ALLOCA 1
#define HAVE_ALLOCA_H 1
#define HAVE_INTTYPES_H 1
#define HAVE_MEMORY_H 1
#define HAVE_STDINT_H 1
#define HAVE_STDLIB_H 1
#define HAVE_STRINGS_H 1
#define HAVE_STRING_H 1
#define HAVE_STRING_H 1
#define HAVE_SYS_STAT_H 1
#define HAVE_SYS_TYPES_H 1
#define HAVE_UNISTD_H 1
#define PACKAGE_BUGREPORT ""
#define PACKAGE_NAME ""
#define PACKAGE_STRING ""
#define PACKAGE_TARNAME ""
#define PACKAGE_VERSION ""
#define STDC_HEADERS 1
#define X_DISPLAY_MISSING 1

configure: exit 0
